<?xml version="1.0" encoding="UTF-8"?>
<!-- Generated by org.testng.reporters.JUnitReportReporter -->
<testsuite hostname="DESKTOP-8CID97K" failures="0" tests="5" name="testNG.TestNG_Priority_Order" time="20.906" errors="0" timestamp="2022-05-18T12:02:06 IST" skipped="0">
  <testcase classname="testNG.TestNG_Priority_Order" name="twitter" time="5.587"/>
  <system-out/>
  <testcase classname="testNG.TestNG_Priority_Order" name="zomato" time="4.922"/>
  <system-out/>
  <testcase classname="testNG.TestNG_Priority_Order" name="google" time="2.917"/>
  <system-out/>
  <testcase classname="testNG.TestNG_Priority_Order" name="gmail" time="5.517"/>
  <system-out/>
  <testcase classname="testNG.TestNG_Priority_Order" name="facebook" time="1.963"/>
  <system-out/>
</testsuite> <!-- testNG.TestNG_Priority_Order -->
