<?xml version="1.0" encoding="UTF-8"?>
<!-- Generated by org.testng.reporters.JUnitReportReporter -->
<testsuite hostname="DESKTOP-8CID97K" failures="0" tests="4" name="testNG.DataProvider" time="12.558" errors="0" timestamp="2022-05-23T11:20:09 IST" skipped="0">
  <testcase classname="testNG.DataProvider" name="login" time="1.129"/>
  <system-out/>
  <testcase classname="testNG.DataProvider" name="login" time="6.222"/>
  <system-out/>
  <testcase classname="testNG.DataProvider" name="login" time="1.320"/>
  <system-out/>
  <testcase classname="testNG.DataProvider" name="login" time="3.887"/>
  <system-out/>
</testsuite> <!-- testNG.DataProvider -->
