<?xml version="1.0" encoding="UTF-8"?>
<!-- Generated by org.testng.reporters.JUnitReportReporter -->
<testsuite hostname="DESKTOP-8CID97K" failures="0" tests="2" name="testNG.TestNG_DependancyTestMethod" time="10.211" errors="0" timestamp="2022-05-18T12:25:14 IST" skipped="0">
  <testcase classname="testNG.TestNG_DependancyTestMethod" name="method1" time="4.526"/>
  <system-out/>
  <testcase classname="testNG.TestNG_DependancyTestMethod" name="method2" time="5.685"/>
  <system-out/>
</testsuite> <!-- testNG.TestNG_DependancyTestMethod -->
