<?xml version="1.0" encoding="UTF-8"?>
<!-- Generated by org.testng.reporters.JUnitReportReporter -->
<testsuite hostname="DESKTOP-8CID97K" failures="0" tests="2" name="testNG.TestNG_Group_Test" time="4.678" errors="0" timestamp="2022-05-20T12:09:38 IST" skipped="0">
  <testcase classname="testNG.TestNG_Group_Test" name="gmail" time="3.373"/>
  <system-out/>
  <testcase classname="testNG.TestNG_Group_Test" name="google" time="1.305"/>
  <system-out/>
</testsuite> <!-- testNG.TestNG_Group_Test -->
