<?xml version="1.0" encoding="UTF-8"?>
<!-- Generated by org.testng.reporters.JUnitReportReporter -->
<testsuite hostname="DESKTOP-8CID97K" failures="0" tests="5" name="testNG.TestNG_Skip_Ignore_Disabled" time="12.152" errors="0" timestamp="2022-05-18T12:06:27 IST" skipped="3">
  <testcase classname="testNG.TestNG_Skip_Ignore_Disabled" name="google" time="6.720"/>
  <system-out/>
  <testcase classname="testNG.TestNG_Skip_Ignore_Disabled" name="gmail" time="5.432"/>
  <system-out/>
  <testcase classname="testNG.TestNG_Skip_Ignore_Disabled" name="zomato">
    <skipped/>
  </testcase> <!-- zomato -->
  <system-out/>
  <testcase classname="testNG.TestNG_Skip_Ignore_Disabled" name="facebook">
    <skipped/>
  </testcase> <!-- facebook -->
  <system-out/>
  <testcase classname="testNG.TestNG_Skip_Ignore_Disabled" name="twitter">
    <skipped/>
  </testcase> <!-- twitter -->
  <system-out/>
</testsuite> <!-- testNG.TestNG_Skip_Ignore_Disabled -->
