<?xml version="1.0" encoding="UTF-8"?>
<!-- Generated by org.testng.reporters.JUnitReportReporter -->
<testsuite hostname="DESKTOP-8CID97K" failures="0" tests="1" name="log4J.Log4jDemo" time="16.318" errors="0" timestamp="2022-05-24T14:34:19 IST" skipped="0">
  <testcase classname="log4J.Log4jDemo" name="log4jmethod" time="16.318"/>
  <system-out/>
</testsuite> <!-- log4J.Log4jDemo -->
