<?xml version="1.0" encoding="UTF-8"?>
<!-- Generated by org.testng.reporters.JUnitReportReporter -->
<testsuite hostname="DESKTOP-8CID97K" failures="0" tests="2" name="testNG.TestNG_Include_Exclude" time="4.673" errors="0" timestamp="2022-05-20T11:51:13 IST" skipped="0">
  <testcase classname="testNG.TestNG_Include_Exclude" name="google" time="3.188"/>
  <system-out/>
  <testcase classname="testNG.TestNG_Include_Exclude" name="twitter" time="1.485"/>
  <system-out/>
</testsuite> <!-- testNG.TestNG_Include_Exclude -->
